<?xml version="1.0" encoding="UTF-8"?>
<!-- Generated by org.testng.reporters.JUnitReportReporter -->
<testsuite hostname="EPAGE-LP-25" failures="0" tests="1" name="com.test.sample.Testsample" time="0.094" errors="0" timestamp="30 Apr 2019 09:49:31 GMT" skipped="0">
  <testcase classname="com.test.sample.Testsample" name="test2" time="0.094"/>
</testsuite> <!-- com.test.sample.Testsample -->
